<?xml version="1.0" encoding="UTF-8"?>
<!-- Generated by org.testng.reporters.JUnitReportReporter -->
<testsuite hostname="KI6AN" name="com.ksrtc.testdata.Datalibrary" tests="1" failures="0" timestamp="23 Oct 2018 03:47:09 GMT" time="0.812" errors="0">
  <testcase name="readfromexcel" time="0.812" classname="com.ksrtc.testdata.Datalibrary"/>
</testsuite> <!-- com.ksrtc.testdata.Datalibrary -->
